0 info it worked if it ends with ok
1 verbose cli [ '/usr/bin/node', '/usr/bin/npm', 'run', 'sass' ]
2 info using npm@3.5.2
3 info using node@v8.10.0
4 verbose run-script [ 'presass', 'sass', 'postsass' ]
5 info lifecycle portfolio_project@1.0.0~presass: portfolio_project@1.0.0
6 silly lifecycle portfolio_project@1.0.0~presass: no script for presass, continuing
7 info lifecycle portfolio_project@1.0.0~sass: portfolio_project@1.0.0
8 verbose lifecycle portfolio_project@1.0.0~sass: unsafe-perm in lifecycle true
9 verbose lifecycle portfolio_project@1.0.0~sass: PATH: /usr/share/npm/bin/node-gyp-bin:/mnt/c/Users/admin/Documents/Projects/html_css_projects/udemy_traversy_media/portfolio_project/node_modules/.bin:/home/shaney/.rbenv/shims:/home/shaney/.rbenv/bin:/home/shaney/.rbenv/shims:/home/shaney/.rbenv/bin:/home/shaney/.vscode-server/bin/5763d909d5f12fe19f215cbfdd29a91c0fa9208a/bin:/home/shaney/.rvm/gems/ruby-2.6.3/bin:/home/shaney/.rvm/gems/ruby-2.6.3@global/bin:/home/shaney/.rvm/rubies/ruby-2.6.3/bin:/home/shaney/.rbenv/shims:/home/shaney/.rbenv/bin:/home/shaney/.rbenv/shims:/home/shaney/.rbenv/bin:/home/shaney/.rbenv/shims:/home/shaney/.rbenv/bin:/usr/local/sbin:/usr/local/bin:/usr/sbin:/usr/bin:/sbin:/bin:/usr/games:/usr/local/games:/mnt/c/Windows/system32:/mnt/c/Windows:/mnt/c/Windows/System32/Wbem:/mnt/c/Windows/System32/WindowsPowerShell/v1.0/:/mnt/c/Windows/System32/OpenSSH/:/mnt/c/Program Files (x86)/Intel/Intel(R) Management Engine Components/DAL:/mnt/c/Program Files/Intel/Intel(R) Management Engine Components/DAL:/mnt/c/Program Files (x86)/Calibre2/:/mnt/c/Program Files (x86)/Yarn/bin/:/mnt/c/Users/admin/AppData/Local/Microsoft/WindowsApps:/mnt/c/Users/admin/AppData/Local/Programs/Microsoft VS Code/bin:/mnt/c/Users/admin/Desktop/chromedriver_win32:/mnt/c/Users/admin/AppData/Local/Yarn/bin:/home/shaney/.rvm/bin:/home/shaney/.rvm/bin
10 verbose lifecycle portfolio_project@1.0.0~sass: CWD: /mnt/c/Users/admin/Documents/Projects/html_css_projects/udemy_traversy_media/portfolio_project
11 silly lifecycle portfolio_project@1.0.0~sass: Args: [ '-c', 'node-sass -w scss/ -o dist/css/ --recursive' ]
12 silly lifecycle portfolio_project@1.0.0~sass: Returned: code: 1  signal: null
13 info lifecycle portfolio_project@1.0.0~sass: Failed to exec sass script
14 verbose stack Error: portfolio_project@1.0.0 sass: `node-sass -w scss/ -o dist/css/ --recursive`
14 verbose stack Exit status 1
14 verbose stack     at EventEmitter.<anonymous> (/usr/share/npm/lib/utils/lifecycle.js:232:16)
14 verbose stack     at emitTwo (events.js:126:13)
14 verbose stack     at EventEmitter.emit (events.js:214:7)
14 verbose stack     at ChildProcess.<anonymous> (/usr/share/npm/lib/utils/spawn.js:24:14)
14 verbose stack     at emitTwo (events.js:126:13)
14 verbose stack     at ChildProcess.emit (events.js:214:7)
14 verbose stack     at maybeClose (internal/child_process.js:925:16)
14 verbose stack     at Process.ChildProcess._handle.onexit (internal/child_process.js:209:5)
15 verbose pkgid portfolio_project@1.0.0
16 verbose cwd /mnt/c/Users/admin/Documents/Projects/html_css_projects/udemy_traversy_media/portfolio_project
17 error Linux 4.4.0-18362-Microsoft
18 error argv "/usr/bin/node" "/usr/bin/npm" "run" "sass"
19 error node v8.10.0
20 error npm  v3.5.2
21 error code ELIFECYCLE
22 error portfolio_project@1.0.0 sass: `node-sass -w scss/ -o dist/css/ --recursive`
22 error Exit status 1
23 error Failed at the portfolio_project@1.0.0 sass script 'node-sass -w scss/ -o dist/css/ --recursive'.
23 error Make sure you have the latest version of node.js and npm installed.
23 error If you do, this is most likely a problem with the portfolio_project package,
23 error not with npm itself.
23 error Tell the author that this fails on your system:
23 error     node-sass -w scss/ -o dist/css/ --recursive
23 error You can get information on how to open an issue for this project with:
23 error     npm bugs portfolio_project
23 error Or if that isn't available, you can get their info via:
23 error     npm owner ls portfolio_project
23 error There is likely additional logging output above.
24 verbose exit [ 1, true ]
